Determining if the pthread_create exist failed with the following output:
Change Dir: /home/chanwit/cpp/c-tdd/CMakeFiles/CMakeTmp

Run Build Command:"/usr/bin/make" "cmTC_1d130/fast"
/usr/bin/make -f CMakeFiles/cmTC_1d130.dir/build.make CMakeFiles/cmTC_1d130.dir/build
make[1]: Entering directory '/home/chanwit/cpp/c-tdd/CMakeFiles/CMakeTmp'
Building C object CMakeFiles/cmTC_1d130.dir/CheckSymbolExists.c.o
/usr/bin/cc    -o CMakeFiles/cmTC_1d130.dir/CheckSymbolExists.c.o   -c /home/chanwit/cpp/c-tdd/CMakeFiles/CMakeTmp/CheckSymbolExists.c
Linking C executable cmTC_1d130
/usr/bin/cmake -E cmake_link_script CMakeFiles/cmTC_1d130.dir/link.txt --verbose=1
/usr/bin/cc      -rdynamic CMakeFiles/cmTC_1d130.dir/CheckSymbolExists.c.o  -o cmTC_1d130 
CMakeFiles/cmTC_1d130.dir/CheckSymbolExists.c.o: In function `main':
CheckSymbolExists.c:(.text+0x1b): undefined reference to `pthread_create'
collect2: error: ld returned 1 exit status
CMakeFiles/cmTC_1d130.dir/build.make:97: recipe for target 'cmTC_1d130' failed
make[1]: *** [cmTC_1d130] Error 1
make[1]: Leaving directory '/home/chanwit/cpp/c-tdd/CMakeFiles/CMakeTmp'
Makefile:126: recipe for target 'cmTC_1d130/fast' failed
make: *** [cmTC_1d130/fast] Error 2

File /home/chanwit/cpp/c-tdd/CMakeFiles/CMakeTmp/CheckSymbolExists.c:
/* */
#include <pthread.h>

int main(int argc, char** argv)
{
  (void)argv;
#ifndef pthread_create
  return ((int*)(&pthread_create))[argc];
#else
  (void)argc;
  return 0;
#endif
}

Determining if the function pthread_create exists in the pthreads failed with the following output:
Change Dir: /home/chanwit/cpp/c-tdd/CMakeFiles/CMakeTmp

Run Build Command:"/usr/bin/make" "cmTC_71fdb/fast"
/usr/bin/make -f CMakeFiles/cmTC_71fdb.dir/build.make CMakeFiles/cmTC_71fdb.dir/build
make[1]: Entering directory '/home/chanwit/cpp/c-tdd/CMakeFiles/CMakeTmp'
Building C object CMakeFiles/cmTC_71fdb.dir/CheckFunctionExists.c.o
/usr/bin/cc   -DCHECK_FUNCTION_EXISTS=pthread_create   -o CMakeFiles/cmTC_71fdb.dir/CheckFunctionExists.c.o   -c /usr/share/cmake-3.10/Modules/CheckFunctionExists.c
Linking C executable cmTC_71fdb
/usr/bin/cmake -E cmake_link_script CMakeFiles/cmTC_71fdb.dir/link.txt --verbose=1
/usr/bin/cc  -DCHECK_FUNCTION_EXISTS=pthread_create    -rdynamic CMakeFiles/cmTC_71fdb.dir/CheckFunctionExists.c.o  -o cmTC_71fdb -lpthreads 
/usr/bin/x86_64-linux-gnu-ld: cannot find -lpthreads
collect2: error: ld returned 1 exit status
CMakeFiles/cmTC_71fdb.dir/build.make:97: recipe for target 'cmTC_71fdb' failed
make[1]: *** [cmTC_71fdb] Error 1
make[1]: Leaving directory '/home/chanwit/cpp/c-tdd/CMakeFiles/CMakeTmp'
Makefile:126: recipe for target 'cmTC_71fdb/fast' failed
make: *** [cmTC_71fdb/fast] Error 2


